{"level":"warn","message":"Fail Request GET a la ruta: /favicon.ico (No implementada)"}
{"level":"warn","message":"Fail Request DELETE a la ruta: /api/carrito/633252a4418663a35f599bde/productos/ (No implementada)"}
{"level":"error","message":"Error en el hilo principal: TypeError [ERR_INVALID_ARG_VALUE]: The argument 'options' must have the property \"port\" or \"path\". Received Server {\n  maxHeaderSize: undefined,\n  insecureHTTPParser: undefined,\n  _events: [Object: null prototype] {\n    request: [Functi..."}
{"level":"error","message":"Pasaron cosas al guardar nuevo objeto en la colección mensajesProyecto..."}{"level":"warn","message":"Fail Request GET a la ruta: /socket.io/socket.io.js (No implementada)"}
{"level":"warn","message":"Fail Request GET a la ruta: /socket.io/socket.io.js (No implementada)"}
{"level":"warn","message":"Fail Request GET a la ruta: /socket.io/socket.io.js (No implementada)"}
{"level":"warn","message":"Fail Request GET a la ruta: /socket.io/socket.io.js (No implementada)"}
{"level":"warn","message":"Fail Request GET a la ruta: /socket.io/socket.io.js (No implementada)"}
{"level":"warn","message":"Fail Request GET a la ruta: /favicon.ico (No implementada)"}
{"level":"warn","message":"Fail Request GET a la ruta: /socket.io/socket.io.js (No implementada)"}
{"level":"warn","message":"Fail Request GET a la ruta: /socket.io/socket.io.js (No implementada)"}
{"level":"warn","message":"Fail Request GET a la ruta: /socket.io/socket.io.js (No implementada)"}
{"level":"warn","message":"Fail Request GET a la ruta: /socket.io/socket.io.js (No implementada)"}
{"level":"warn","message":"Fail Request GET a la ruta: /socket.io/socket.io.js (No implementada)"}
{"level":"warn","message":"Fail Request GET a la ruta: /socket.io/socket.io.js (No implementada)"}
{"level":"warn","message":"Fail Request GET a la ruta: /socket.io/socket.io.js (No implementada)"}
{"level":"warn","message":"Fail Request GET a la ruta: /socket.io/?EIO=4&transport=polling&t=OE1K7pa (No implementada)"}
{"level":"warn","message":"Fail Request GET a la ruta: /socket.io/?EIO=4&transport=polling&t=OE1K812 (No implementada)"}
{"level":"warn","message":"Fail Request GET a la ruta: /socket.io/?EIO=4&transport=polling&t=OE1K8QI (No implementada)"}
{"level":"warn","message":"Fail Request GET a la ruta: /socket.io/?EIO=4&transport=polling&t=OE1K9GN (No implementada)"}
{"level":"warn","message":"Fail Request GET a la ruta: /socket.io/?EIO=4&transport=polling&t=OE1KAk8 (No implementada)"}
{"level":"warn","message":"Fail Request GET a la ruta: /socket.io/?EIO=4&transport=polling&t=OE1KCBs (No implementada)"}
{"level":"warn","message":"Fail Request GET a la ruta: /socket.io/?EIO=4&transport=polling&t=OE1KDfc (No implementada)"}
{"level":"warn","message":"Fail Request GET a la ruta: /socket.io/?EIO=4&transport=polling&t=OE1KF7O (No implementada)"}
{"level":"warn","message":"Fail Request GET a la ruta: /socket.io/?EIO=4&transport=polling&t=OE1KGbC (No implementada)"}
{"level":"warn","message":"Fail Request GET a la ruta: /socket.io/?EIO=4&transport=polling&t=OE1KI2s (No implementada)"}
{"level":"warn","message":"Fail Request GET a la ruta: /socket.io/?EIO=4&transport=polling&t=OE1KiW_ (No implementada)"}
{"level":"warn","message":"Fail Request GET a la ruta: /socket.io/?EIO=4&transport=polling&t=OE1KjlX (No implementada)"}
{"level":"warn","message":"Fail Request GET a la ruta: /socket.io/?EIO=4&transport=polling&t=OE1Kl6H (No implementada)"}
{"level":"warn","message":"Fail Request GET a la ruta: /socket.io/socket.io.js (No implementada)"}
{"level":"warn","message":"Fail Request GET a la ruta: /socket.io/socket.io.js (No implementada)"}
{"level":"warn","message":"Fail Request GET a la ruta: /favicon.ico (No implementada)"}
{"level":"warn","message":"Fail Request GET a la ruta: /socket.io/socket.io.js (No implementada)"}
{"level":"warn","message":"Fail Request GET a la ruta: /socket.io/socket.io.js (No implementada)"}
{"level":"warn","message":"Fail Request GET a la ruta: /socket.io/socket.io.js (No implementada)"}
{"level":"warn","message":"Fail Request GET a la ruta: /socket.io/?EIO=4&transport=polling&t=OE1PF_F (No implementada)"}
{"level":"warn","message":"Fail Request GET a la ruta: /socket.io/?EIO=4&transport=polling&t=OE1PGKI (No implementada)"}
{"level":"warn","message":"Fail Request GET a la ruta: /socket.io/?EIO=4&transport=polling&t=OE1PGmA (No implementada)"}
{"level":"warn","message":"Fail Request GET a la ruta: /socket.io/?EIO=4&transport=polling&t=OE1PHkC (No implementada)"}
{"level":"warn","message":"Fail Request GET a la ruta: /socket.io/?EIO=4&transport=polling&t=OE1PIzh (No implementada)"}
{"level":"warn","message":"Fail Request GET a la ruta: /socket.io/?EIO=4&transport=polling&t=OE1PKKH (No implementada)"}
{"level":"warn","message":"Fail Request GET a la ruta: /socket.io/?EIO=4&transport=polling&t=OE1PLn_ (No implementada)"}
{"level":"warn","message":"Fail Request GET a la ruta: /socket.io/?EIO=4&transport=polling&t=OE1PN1T (No implementada)"}
{"level":"warn","message":"Fail Request GET a la ruta: /socket.io/?EIO=4&transport=polling&t=OE1POH0 (No implementada)"}
{"level":"warn","message":"Fail Request GET a la ruta: /socket.io/?EIO=4&transport=polling&t=OE1PPWZ (No implementada)"}
{"level":"warn","message":"Fail Request GET a la ruta: /socket.io/?EIO=4&transport=polling&t=OE1PQlz (No implementada)"}
{"level":"warn","message":"Fail Request GET a la ruta: /socket.io/?EIO=4&transport=polling&t=OE1PR_Y (No implementada)"}
{"level":"warn","message":"Fail Request GET a la ruta: /socket.io/?EIO=4&transport=polling&t=OE1PTF8 (No implementada)"}
{"level":"warn","message":"Fail Request GET a la ruta: /socket.io/?EIO=4&transport=polling&t=OE1PUUb (No implementada)"}
{"level":"warn","message":"Fail Request GET a la ruta: /socket.io/?EIO=4&transport=polling&t=OE1PVkD (No implementada)"}
{"level":"warn","message":"Fail Request GET a la ruta: /socket.io/?EIO=4&transport=polling&t=OE1PWzS (No implementada)"}
{"level":"warn","message":"Fail Request GET a la ruta: /socket.io/?EIO=4&transport=polling&t=OE1PYCq (No implementada)"}
{"level":"warn","message":"Fail Request GET a la ruta: /socket.io/?EIO=4&transport=polling&t=OE1PZS6 (No implementada)"}
{"level":"warn","message":"Fail Request GET a la ruta: /socket.io/?EIO=4&transport=polling&t=OE1PahW (No implementada)"}
{"level":"warn","message":"Fail Request GET a la ruta: /socket.io/?EIO=4&transport=polling&t=OE1Pbwt (No implementada)"}
{"level":"warn","message":"Fail Request GET a la ruta: /socket.io/?EIO=4&transport=polling&t=OE1PdAG (No implementada)"}
{"level":"warn","message":"Fail Request GET a la ruta: /socket.io/?EIO=4&transport=polling&t=OE1PePT (No implementada)"}
{"level":"warn","message":"Fail Request GET a la ruta: /socket.io/?EIO=4&transport=polling&t=OE1Pfep (No implementada)"}
{"level":"warn","message":"Fail Request GET a la ruta: /socket.io/?EIO=4&transport=polling&t=OE1PguL (No implementada)"}
{"level":"warn","message":"Fail Request GET a la ruta: /socket.io/?EIO=4&transport=polling&t=OE1Pi7q (No implementada)"}
{"level":"warn","message":"Fail Request GET a la ruta: /socket.io/?EIO=4&transport=polling&t=OE1PjNL (No implementada)"}
{"level":"warn","message":"Fail Request GET a la ruta: /socket.io/?EIO=4&transport=polling&t=OE1Pkhk (No implementada)"}
{"level":"warn","message":"Fail Request GET a la ruta: /socket.io/?EIO=4&transport=polling&t=OE1Pm9e (No implementada)"}
{"level":"warn","message":"Fail Request GET a la ruta: /socket.io/?EIO=4&transport=polling&t=OE1PndI (No implementada)"}
{"level":"warn","message":"Fail Request GET a la ruta: /socket.io/?EIO=4&transport=polling&t=OE1Pp54 (No implementada)"}
{"level":"warn","message":"Fail Request GET a la ruta: /socket.io/?EIO=4&transport=polling&t=OE1PqYt (No implementada)"}
{"level":"warn","message":"Fail Request GET a la ruta: /socket.io/?EIO=4&transport=polling&t=OE1QFPs (No implementada)"}
{"level":"warn","message":"Fail Request GET a la ruta: /socket.io/?EIO=4&transport=polling&t=OE1QGtH (No implementada)"}
{"level":"warn","message":"Fail Request GET a la ruta: /socket.io/?EIO=4&transport=polling&t=OE1RTly (No implementada)"}
{"level":"warn","message":"Fail Request GET a la ruta: /socket.io/?EIO=4&transport=polling&t=OE1RTxv (No implementada)"}
{"level":"warn","message":"Fail Request GET a la ruta: /socket.io/?EIO=4&transport=polling&t=OE1RUH- (No implementada)"}
{"level":"warn","message":"Fail Request GET a la ruta: /socket.io/?EIO=4&transport=polling&t=OE1RVXY (No implementada)"}
{"level":"warn","message":"Fail Request GET a la ruta: /socket.io/?EIO=4&transport=polling&t=OE1RWnE (No implementada)"}
{"level":"warn","message":"Fail Request GET a la ruta: /socket.io/?EIO=4&transport=polling&t=OE1RY0s (No implementada)"}
{"level":"warn","message":"Fail Request GET a la ruta: /socket.io/?EIO=4&transport=polling&t=OE1RZOg (No implementada)"}
{"level":"warn","message":"Fail Request GET a la ruta: /socket.io/?EIO=4&transport=polling&t=OE1RasH (No implementada)"}
{"level":"warn","message":"Fail Request GET a la ruta: /socket.io/?EIO=4&transport=polling&t=OE1RcJ_ (No implementada)"}
{"level":"warn","message":"Fail Request GET a la ruta: /socket.io/?EIO=4&transport=polling&t=OE1Rdnl (No implementada)"}
{"level":"warn","message":"Fail Request GET a la ruta: /socket.io/?EIO=4&transport=polling&t=OE1Rj9d (No implementada)"}
{"level":"warn","message":"Fail Request GET a la ruta: /socket.io/socket.io.js (No implementada)"}
{"level":"warn","message":"Fail Request GET a la ruta: /socket.io/socket.io.js (No implementada)"}
{"level":"warn","message":"Fail Request GET a la ruta: /socket.io/socket.io.js (No implementada)"}
{"level":"warn","message":"Fail Request GET a la ruta: /socket.io/socket.io.js (No implementada)"}
{"level":"warn","message":"Fail Request GET a la ruta: /js/main.js (No implementada)"}
{"level":"warn","message":"Fail Request GET a la ruta: /socket.io/socket.io.js (No implementada)"}
{"level":"warn","message":"Fail Request GET a la ruta: /socket.io/?EIO=4&transport=polling&t=OE1UOEh (No implementada)"}
{"level":"warn","message":"Fail Request GET a la ruta: /socket.io/?EIO=4&transport=polling&t=OE1UOQv (No implementada)"}
{"level":"warn","message":"Fail Request GET a la ruta: /socket.io/?EIO=4&transport=polling&t=OE1UOjA (No implementada)"}
{"level":"warn","message":"Fail Request GET a la ruta: /socket.io/?EIO=4&transport=polling&t=OE1UPxr (No implementada)"}
{"level":"warn","message":"Fail Request GET a la ruta: /socket.io/?EIO=4&transport=polling&t=OE1URB9 (No implementada)"}
{"level":"warn","message":"Fail Request GET a la ruta: /socket.io/?EIO=4&transport=polling&t=OE1USPW (No implementada)"}
{"level":"warn","message":"Fail Request GET a la ruta: /socket.io/?EIO=4&transport=polling&t=OE1UTeG (No implementada)"}
{"level":"warn","message":"Fail Request GET a la ruta: /socket.io/?EIO=4&transport=polling&t=OE1UUsd (No implementada)"}
{"level":"warn","message":"Fail Request GET a la ruta: /socket.io/?EIO=4&transport=polling&t=OE1UW58 (No implementada)"}
{"level":"warn","message":"Fail Request GET a la ruta: /socket.io/?EIO=4&transport=polling&t=OE1UXJr (No implementada)"}
{"level":"warn","message":"Fail Request GET a la ruta: /socket.io/?EIO=4&transport=polling&t=OE1UYYh (No implementada)"}
{"level":"warn","message":"Fail Request GET a la ruta: /socket.io/?EIO=4&transport=polling&t=OE1UZnE (No implementada)"}
{"level":"warn","message":"Fail Request GET a la ruta: /socket.io/?EIO=4&transport=polling&t=OE1Ua_p (No implementada)"}
{"level":"warn","message":"Fail Request GET a la ruta: /socket.io/?EIO=4&transport=polling&t=OE1UcEN (No implementada)"}
{"level":"warn","message":"Fail Request GET a la ruta: /socket.io/?EIO=4&transport=polling&t=OE1UdT9 (No implementada)"}
{"level":"warn","message":"Fail Request GET a la ruta: /socket.io/?EIO=4&transport=polling&t=OE1Ueha (No implementada)"}
